<?xml version="1.0" encoding="UTF-8"?>
<!-- Generated by org.testng.reporters.JUnitReportReporter -->
<testsuite hostname="LH7U05CG7493T4C" name="com.qa_ORMS_Utility.XGenerateReportTest" tests="3" failures="0" timestamp="13 Aug 2018 13:25:53 GMT" time="0.041" errors="2">
  <testcase name="CoverageReport" time="0.029" classname="com.qa_ORMS_Utility.XGenerateReportTest">
    <error type="java.lang.AssertionError" message="Coverage Overview: The source file specified doesn&#039;t exist. For more information, please, refer to: http://mkolisnyk.github.io/cucumber-reports/coverage-report. Was looking for path: &quot;C:\Workspace\leanft_ORMS_test_automation\json:cucumber.json&quot;">
      <![CDATA[java.lang.AssertionError: Coverage Overview: The source file specified doesn't exist. For more information, please, refer to: http://mkolisnyk.github.io/cucumber-reports/coverage-report. Was looking for path: "C:\Workspace\leanft_ORMS_test_automation\json:cucumber.json"
	at org.junit.Assert.fail(Assert.java:93)
	at org.junit.Assert.assertTrue(Assert.java:43)
	at com.github.mkolisnyk.cucumber.reporting.CucumberResultsOverview.validateParameters(CucumberResultsOverview.java:196)
	at com.github.mkolisnyk.cucumber.reporting.CucumberResultsOverview.executeOverviewReport(CucumberResultsOverview.java:154)
	at com.github.mkolisnyk.cucumber.reporting.CucumberResultsOverview.executeOverviewReport(CucumberResultsOverview.java:151)
	at com.github.mkolisnyk.cucumber.reporting.CucumberResultsOverview.executeOverviewReport(CucumberResultsOverview.java:148)
	at com.github.mkolisnyk.cucumber.reporting.CucumberCoverageOverview.execute(CucumberCoverageOverview.java:202)
	at com.qa_ORMS_Utility.XGenerateReportTest.CoverageReport(XGenerateReportTest.java:76)
	at sun.reflect.NativeMethodAccessorImpl.invoke0(Native Method)
	at sun.reflect.NativeMethodAccessorImpl.invoke(NativeMethodAccessorImpl.java:62)
	at sun.reflect.DelegatingMethodAccessorImpl.invoke(DelegatingMethodAccessorImpl.java:43)
	at java.lang.reflect.Method.invoke(Method.java:498)
	at org.testng.internal.MethodInvocationHelper.invokeMethod(MethodInvocationHelper.java:80)
	at org.testng.internal.Invoker.invokeMethod(Invoker.java:714)
	at org.testng.internal.Invoker.invokeTestMethod(Invoker.java:901)
	at org.testng.internal.Invoker.invokeTestMethods(Invoker.java:1231)
	at org.testng.internal.TestMethodWorker.invokeTestMethods(TestMethodWorker.java:127)
	at org.testng.internal.TestMethodWorker.run(TestMethodWorker.java:111)
	at org.testng.TestRunner.privateRun(TestRunner.java:767)
	at org.testng.TestRunner.run(TestRunner.java:617)
	at org.testng.SuiteRunner.runTest(SuiteRunner.java:334)
	at org.testng.SuiteRunner.runSequentially(SuiteRunner.java:329)
	at org.testng.SuiteRunner.privateRun(SuiteRunner.java:291)
	at org.testng.SuiteRunner.run(SuiteRunner.java:240)
	at org.testng.SuiteRunnerWorker.runSuite(SuiteRunnerWorker.java:52)
	at org.testng.SuiteRunnerWorker.run(SuiteRunnerWorker.java:86)
	at org.testng.TestNG.runSuitesSequentially(TestNG.java:1198)
	at org.testng.TestNG.runSuitesLocally(TestNG.java:1123)
	at org.testng.TestNG.run(TestNG.java:1031)
	at org.testng.remote.AbstractRemoteTestNG.run(AbstractRemoteTestNG.java:126)
	at org.testng.remote.RemoteTestNG.initAndRun(RemoteTestNG.java:137)
	at org.testng.remote.RemoteTestNG.main(RemoteTestNG.java:58)
]]>
    </error>
  </testcase> <!-- CoverageReport -->
  <testcase name="detailedReport" time="0.008" classname="com.qa_ORMS_Utility.XGenerateReportTest"/>
  <testcase name="overviewReport" time="0.004" classname="com.qa_ORMS_Utility.XGenerateReportTest">
    <error type="java.lang.AssertionError" message="Results Overview Report: The source file specified doesn&#039;t exist. For more information, please, refer to: http://mkolisnyk.github.io/cucumber-reports/overview-report. Was looking for path: &quot;C:\Workspace\leanft_ORMS_test_automation\json:cucumber.json&quot;">
      <![CDATA[java.lang.AssertionError: Results Overview Report: The source file specified doesn't exist. For more information, please, refer to: http://mkolisnyk.github.io/cucumber-reports/overview-report. Was looking for path: "C:\Workspace\leanft_ORMS_test_automation\json:cucumber.json"
	at org.junit.Assert.fail(Assert.java:93)
	at org.junit.Assert.assertTrue(Assert.java:43)
	at com.github.mkolisnyk.cucumber.reporting.CucumberResultsOverview.validateParameters(CucumberResultsOverview.java:196)
	at com.github.mkolisnyk.cucumber.reporting.CucumberResultsOverview.executeOverviewReport(CucumberResultsOverview.java:154)
	at com.github.mkolisnyk.cucumber.reporting.CucumberResultsOverview.executeOverviewReport(CucumberResultsOverview.java:151)
	at com.github.mkolisnyk.cucumber.reporting.CucumberResultsOverview.execute(CucumberResultsOverview.java:213)
	at com.github.mkolisnyk.cucumber.reporting.interfaces.AggregatedReport.execute(AggregatedReport.java:22)
	at com.qa_ORMS_Utility.XGenerateReportTest.overviewReport(XGenerateReportTest.java:54)
	at sun.reflect.NativeMethodAccessorImpl.invoke0(Native Method)
	at sun.reflect.NativeMethodAccessorImpl.invoke(NativeMethodAccessorImpl.java:62)
	at sun.reflect.DelegatingMethodAccessorImpl.invoke(DelegatingMethodAccessorImpl.java:43)
	at java.lang.reflect.Method.invoke(Method.java:498)
	at org.testng.internal.MethodInvocationHelper.invokeMethod(MethodInvocationHelper.java:80)
	at org.testng.internal.Invoker.invokeMethod(Invoker.java:714)
	at org.testng.internal.Invoker.invokeTestMethod(Invoker.java:901)
	at org.testng.internal.Invoker.invokeTestMethods(Invoker.java:1231)
	at org.testng.internal.TestMethodWorker.invokeTestMethods(TestMethodWorker.java:127)
	at org.testng.internal.TestMethodWorker.run(TestMethodWorker.java:111)
	at org.testng.TestRunner.privateRun(TestRunner.java:767)
	at org.testng.TestRunner.run(TestRunner.java:617)
	at org.testng.SuiteRunner.runTest(SuiteRunner.java:334)
	at org.testng.SuiteRunner.runSequentially(SuiteRunner.java:329)
	at org.testng.SuiteRunner.privateRun(SuiteRunner.java:291)
	at org.testng.SuiteRunner.run(SuiteRunner.java:240)
	at org.testng.SuiteRunnerWorker.runSuite(SuiteRunnerWorker.java:52)
	at org.testng.SuiteRunnerWorker.run(SuiteRunnerWorker.java:86)
	at org.testng.TestNG.runSuitesSequentially(TestNG.java:1198)
	at org.testng.TestNG.runSuitesLocally(TestNG.java:1123)
	at org.testng.TestNG.run(TestNG.java:1031)
	at org.testng.remote.AbstractRemoteTestNG.run(AbstractRemoteTestNG.java:126)
	at org.testng.remote.RemoteTestNG.initAndRun(RemoteTestNG.java:137)
	at org.testng.remote.RemoteTestNG.main(RemoteTestNG.java:58)
]]>
    </error>
  </testcase> <!-- overviewReport -->
</testsuite> <!-- com.qa_ORMS_Utility.XGenerateReportTest -->
